<?xml version="1.0" encoding="UTF-8"?>
<testsuite xmlns:xsi="http://www.w3.org/2001/XMLSchema-instance" xsi:noNamespaceSchemaLocation="https://maven.apache.org/surefire/maven-surefire-plugin/xsd/surefire-test-report-3.0.xsd" version="3.0" name="com.Automotriz.usuarioMS.UsuarioMsApplicationTests" time="3.293" tests="1" errors="0" skipped="0" failures="0">
  <properties>
[...]
</properties>
  <testcase name="contextLoads" classname="com.Automotriz.usuarioMS.UsuarioMsApplicationTests" time="0.003">
    <system-out><![CDATA[2026-06-23T22:42:59.963-04:00  INFO 24484 --- [usuarioMS] [           main] t.c.s.AnnotationConfigContextLoaderUtils : Could not detect default configuration classes for test class [com.Automotriz.usuarioMS.UsuarioMsApplicationTests]: UsuarioMsApplicationTests does not declare any static, non-private, non-final, nested classes annotated with @Configuration.
2026-06-23T22:42:59.972-04:00  INFO 24484 --- [usuarioMS] [           main] .b.t.c.SpringBootTestContextBootstrapper : Found @SpringBootConfiguration com.Automotriz.usuarioMS.UsuarioMsApplication for test class com.Automotriz.usuarioMS.UsuarioMsApplicationTests

  .   ____          _            __ _ _
 /\\ / ___'_ __ _ _(_)_ __  __ _ \ \ \ \
( ( )\___ | '_ | '_| | '_ \/ _` | \ \ \ \
 \\/  ___)| |_)| | | | | || (_| |  ) ) ) )
  '  |____| .__|_| |_|_| |_\__, | / / / /
 =========|_|==============|___/=/_/_/_/
 :: Spring Boot ::                (v3.2.5)

2026-06-23T22:43:00.019-04:00  INFO 24484 --- [usuarioMS] [           main] c.A.usuarioMS.UsuarioMsApplicationTests  : Starting UsuarioMsApplicationTests using Java 21.0.8 with PID 24484 (started by Maria in C:\Users\Maria\OneDrive\Escritorio\Examen-Transversal-Micro-Servicio-main\usuarioMS)
2026-06-23T22:43:00.019-04:00  INFO 24484 --- [usuarioMS] [           main] c.A.usuarioMS.UsuarioMsApplicationTests  : No active profile set, falling back to 1 default profile: "default"
2026-06-23T22:43:00.554-04:00  INFO 24484 --- [usuarioMS] [           main] .s.d.r.c.RepositoryConfigurationDelegate : Bootstrapping Spring Data JPA repositories in DEFAULT mode.
2026-06-23T22:43:00.592-04:00  INFO 24484 --- [usuarioMS] [           main] .s.d.r.c.RepositoryConfigurationDelegate : Finished Spring Data repository scanning in 33 ms. Found 4 JPA repository interfaces.
2026-06-23T22:43:00.718-04:00  INFO 24484 --- [usuarioMS] [           main] o.s.cloud.context.scope.GenericScope     : BeanFactory id=1e2a7d2c-ae6f-348e-b440-9db95124125e
2026-06-23T22:43:00.801-04:00  WARN 24484 --- [usuarioMS] [           main] trationDelegate$BeanPostProcessorChecker : Bean 'org.springframework.cloud.client.loadbalancer.LoadBalancerAutoConfiguration$DeferringLoadBalancerInterceptorConfig' of type [org.springframework.cloud.client.loadbalancer.LoadBalancerAutoConfiguration$DeferringLoadBalancerInterceptorConfig] is not eligible for getting processed by all BeanPostProcessors (for example: not eligible for auto-proxying). The currently created BeanPostProcessor [lbRestClientPostProcessor] is declared through a non-static factory method on that class; consider declaring it as static instead.
2026-06-23T22:43:00.803-04:00  WARN 24484 --- [usuarioMS] [           main] trationDelegate$BeanPostProcessorChecker : Bean 'deferringLoadBalancerInterceptor' of type [org.springframework.cloud.client.loadbalancer.DeferringLoadBalancerInterceptor] is not eligible for getting processed by all BeanPostProcessors (for example: not eligible for auto-proxying). Is this bean getting eagerly injected into a currently created BeanPostProcessor [lbRestClientPostProcessor]? Check the corresponding BeanPostProcessor declaration and its dependencies.
2026-06-23T22:43:00.938-04:00  INFO 24484 --- [usuarioMS] [           main] o.hibernate.jpa.internal.util.LogHelper  : HHH000204: Processing PersistenceUnitInfo [name: default]
2026-06-23T22:43:00.993-04:00  INFO 24484 --- [usuarioMS] [           main] org.hibernate.Version                    : HHH000412: Hibernate ORM core version 6.4.4.Final
2026-06-23T22:43:01.019-04:00  INFO 24484 --- [usuarioMS] [           main] o.h.c.internal.RegionFactoryInitiator    : HHH000026: Second-level cache disabled
2026-06-23T22:43:01.105-04:00  INFO 24484 --- [usuarioMS] [           main] o.s.o.j.p.SpringPersistenceUnitInfo      : No LoadTimeWeaver setup: ignoring JPA class transformer
2026-06-23T22:43:01.125-04:00  INFO 24484 --- [usuarioMS] [           main] com.zaxxer.hikari.HikariDataSource       : HikariPool-1 - Starting...
2026-06-23T22:43:01.237-04:00  INFO 24484 --- [usuarioMS] [           main] com.zaxxer.hikari.pool.HikariPool        : HikariPool-1 - Added connection com.mysql.cj.jdbc.ConnectionImpl@34f3c920
2026-06-23T22:43:01.238-04:00  INFO 24484 --- [usuarioMS] [           main] com.zaxxer.hikari.HikariDataSource       : HikariPool-1 - Start completed.
2026-06-23T22:43:01.288-04:00  WARN 24484 --- [usuarioMS] [           main] org.hibernate.dialect.Dialect            : HHH000511: The 5.5.0 version for [org.hibernate.dialect.MySQLDialect] is no longer supported, hence certain features may not work properly. The minimum supported version is 8.0.0. Check the community dialects project for available legacy versions.
2026-06-23T22:43:01.838-04:00  INFO 24484 --- [usuarioMS] [           main] o.h.e.t.j.p.i.JtaPlatformInitiator       : HHH000489: No JTA platform available (set 'hibernate.transaction.jta.platform' to enable JTA platform integration)
2026-06-23T22:43:01.900-04:00  INFO 24484 --- [usuarioMS] [           main] j.LocalContainerEntityManagerFactoryBean : Initialized JPA EntityManagerFactory for persistence unit 'default'
2026-06-23T22:43:02.247-04:00  WARN 24484 --- [usuarioMS] [           main] JpaBaseConfiguration$JpaWebConfiguration : spring.jpa.open-in-view is enabled by default. Therefore, database queries may be performed during view rendering. Explicitly configure spring.jpa.open-in-view to disable this warning
2026-06-23T22:43:02.523-04:00  INFO 24484 --- [usuarioMS] [           main] DiscoveryClientOptionalArgsConfiguration : Eureka HTTP Client uses RestTemplate.
2026-06-23T22:43:02.559-04:00  WARN 24484 --- [usuarioMS] [           main] iguration$LoadBalancerCaffeineWarnLogger : Spring Cloud LoadBalancer is currently working with the default cache. While this cache implementation is useful for development and tests, it's recommended to use Caffeine cache in production.You can switch to using Caffeine cache, by adding it and org.springframework.cache.caffeine.CaffeineCacheManager to the classpath.
2026-06-23T22:43:02.580-04:00  INFO 24484 --- [usuarioMS] [           main] o.s.c.n.eureka.InstanceInfoFactory       : Setting initial instance status as: STARTING
2026-06-23T22:43:02.677-04:00  INFO 24484 --- [usuarioMS] [           main] com.netflix.discovery.DiscoveryClient    : Initializing Eureka in region us-east-1
2026-06-23T22:43:02.684-04:00  INFO 24484 --- [usuarioMS] [           main] c.n.d.s.r.aws.ConfigClusterResolver      : Resolving eureka endpoints via configuration
2026-06-23T22:43:02.704-04:00  INFO 24484 --- [usuarioMS] [           main] com.netflix.discovery.DiscoveryClient    : Disable delta property : false
2026-06-23T22:43:02.705-04:00  INFO 24484 --- [usuarioMS] [           main] com.netflix.discovery.DiscoveryClient    : Single vip registry refresh property : null
2026-06-23T22:43:02.705-04:00  INFO 24484 --- [usuarioMS] [           main] com.netflix.discovery.DiscoveryClient    : Force full registry fetch : false
2026-06-23T22:43:02.705-04:00  INFO 24484 --- [usuarioMS] [           main] com.netflix.discovery.DiscoveryClient    : Application is null : false
2026-06-23T22:43:02.705-04:00  INFO 24484 --- [usuarioMS] [           main] com.netflix.discovery.DiscoveryClient    : Registered Applications size is zero : true
2026-06-23T22:43:02.705-04:00  INFO 24484 --- [usuarioMS] [           main] com.netflix.discovery.DiscoveryClient    : Application version is -1: true
2026-06-23T22:43:02.705-04:00  INFO 24484 --- [usuarioMS] [           main] com.netflix.discovery.DiscoveryClient    : Getting all instance registry info from the eureka server
2026-06-23T22:43:02.938-04:00  INFO 24484 --- [usuarioMS] [           main] com.netflix.discovery.DiscoveryClient    : The response status is 200
2026-06-23T22:43:02.940-04:00  INFO 24484 --- [usuarioMS] [           main] com.netflix.discovery.DiscoveryClient    : Starting heartbeat executor: renew interval is: 30
2026-06-23T22:43:02.942-04:00  INFO 24484 --- [usuarioMS] [           main] c.n.discovery.InstanceInfoReplicator     : InstanceInfoReplicator onDemand update allowed rate per min is 4
2026-06-23T22:43:02.945-04:00  INFO 24484 --- [usuarioMS] [           main] com.netflix.discovery.DiscoveryClient    : Discovery Client initialized at timestamp 1782268982945 with initial instances count: 4
2026-06-23T22:43:02.948-04:00  INFO 24484 --- [usuarioMS] [           main] o.s.c.n.e.s.EurekaServiceRegistry        : Registering application USUARIOMS with eureka with status UP
2026-06-23T22:43:02.948-04:00  INFO 24484 --- [usuarioMS] [           main] com.netflix.discovery.DiscoveryClient    : Saw local status change event StatusChangeEvent [timestamp=1782268982948, current=UP, previous=STARTING]
2026-06-23T22:43:02.949-04:00  INFO 24484 --- [usuarioMS] [nfoReplicator-0] com.netflix.discovery.DiscoveryClient    : DiscoveryClient_USUARIOMS/MarianoADMIN:usuarioMS:8080: registering service...
2026-06-23T22:43:02.952-04:00  INFO 24484 --- [usuarioMS] [           main] c.A.usuarioMS.UsuarioMsApplicationTests  : Started UsuarioMsApplicationTests in 2.975 seconds (process running for 6.944)
2026-06-23T22:43:02.969-04:00  INFO 24484 --- [usuarioMS] [nfoReplicator-0] com.netflix.discovery.DiscoveryClient    : DiscoveryClient_USUARIOMS/MarianoADMIN:usuarioMS:8080 - registration status: 204
Hibernate: select count(*) from usuario u1_0
No se cargó nada porque ya habían datos en usuarioMS
]]></system-out>
  </testcase>
</testsuite>